<?xml version="1.0" encoding="UTF-8"?>
<!-- Generated by org.testng.reporters.JUnitXMLReporter -->
<testsuite ignored="1" hostname="Dell-4bt9qc2" failures="0" tests="1" name="Default test" time="2.155" errors="0" timestamp="2025-06-06T22:04:34 IST">
  <testcase classname="Day1.CapgeminiRestAPITesting" name="getCapgeminiRequest" time="2.104"/>
  <testcase classname="Day1.CapgeminiRestAPITesting" name="postCapgeminiRequest" time="0.0">
    <ignored/>
  </testcase> <!-- postCapgeminiRequest -->
</testsuite> <!-- Default test -->
