<?xml version="1.0" encoding="UTF-8"?>
<!-- Generated by org.testng.reporters.JUnitXMLReporter -->
<testsuite ignored="2" hostname="Dell-4bt9qc2" failures="0" tests="1" name="Test1" time="0.074" errors="0" timestamp="2025-06-06T21:38:29 IST">
  <testcase classname="Day2.GroupingCheck" name="sampleCheck2" time="0.012"/>
  <testcase classname="Day2.GroupingCheck" name="sampleCheck1" time="0.0">
    <ignored/>
  </testcase> <!-- sampleCheck1 -->
  <testcase classname="Day2.GroupingCheck" name="sampleCheck3" time="0.0">
    <ignored/>
  </testcase> <!-- sampleCheck3 -->
</testsuite> <!-- Test1 -->
