<?xml version="1.0" encoding="UTF-8"?>
<!-- Generated by org.testng.reporters.JUnitXMLReporter -->
<testsuite ignored="0" hostname="Dell-4bt9qc2" failures="0" tests="3" name="Test2" time="0.059" errors="0" timestamp="2025-03-25T14:21:04 IST">
  <testcase classname="Day1.HierarchyTest" name="sampleMethod9" time="0.002"/>
  <testcase classname="Day1.HierarchyTest" name="sampleMethod10" time="0.008"/>
  <testcase classname="Day1.HierarchyTest" name="sampleMethod11" time="0.004"/>
</testsuite> <!-- Test2 -->
