<?xml version="1.0" encoding="UTF-8"?>
<testng-results ignored="1" total="2" passed="1" failed="0" skipped="0">
  <reporter-output>
  </reporter-output>
  <suite started-at="2025-06-06T22:04:32 IST" name="Default suite" finished-at="2025-06-06T22:04:34 IST" duration-ms="2155">
    <groups>
    </groups>
    <test started-at="2025-06-06T22:04:32 IST" name="Default test" finished-at="2025-06-06T22:04:34 IST" duration-ms="2155">
      <class name="Day1.CapgeminiRestAPITesting">
        <test-method signature="getCapgeminiRequest()[pri:0, instance:Day1.CapgeminiRestAPITesting@2a4fb17b]" started-at="2025-06-06T22:04:32 IST" name="getCapgeminiRequest" finished-at="2025-06-06T22:04:34 IST" duration-ms="2104" status="PASS">
          <reporter-output>
          </reporter-output>
        </test-method> <!-- getCapgeminiRequest -->
      </class> <!-- Day1.CapgeminiRestAPITesting -->
    </test> <!-- Default test -->
  </suite> <!-- Default suite -->
</testng-results>
